<?xml version="1.0" encoding="UTF-8"?>
<testng-results ignored="0" total="1" passed="0" failed="1" skipped="0">
  <reporter-output>
  </reporter-output>
  <suite started-at="2020-05-29T23:09:35 IST" name="Suite" finished-at="2020-05-29T23:11:14 IST" duration-ms="98739">
    <groups>
    </groups>
    <test started-at="2020-05-29T23:09:35 IST" name="Test" finished-at="2020-05-29T23:11:14 IST" duration-ms="98739">
      <class name="TestCases.TestCase1_ValidLoginwithAutoLocation">
        <test-method signature="testcase1(java.lang.String, java.lang.String)[pri:0, instance:TestCases.TestCase1_ValidLoginwithAutoLocation@24269709]" started-at="2020-05-29T23:09:37 IST" name="testcase1" data-provider="Authentication" finished-at="2020-05-29T23:10:57 IST" duration-ms="80510" status="FAIL">
          <params>
            <param index="0">
              <value>
                <![CDATA[chepalayash19991@gmail.com]]>
              </value>
            </param>
            <param index="1">
              <value>
                <![CDATA[Swanth1998@]]>
              </value>
            </param>
          </params>
          <exception class="java.lang.AssertionError">
            <message>
              <![CDATA[Checked Page Title Not as Expected  ]]>
            </message>
            <full-stacktrace>
              <![CDATA[java.lang.AssertionError: Checked Page Title Not as Expected  
at org.testng.Assert.fail(Assert.java:97)
at Base.MainClass.reportFail(MainClass.java:128)
at Base.MainClass.PageTitle(MainClass.java:118)
at TestCases.TestCase1_ValidLoginwithAutoLocation.testcase1(TestCase1_ValidLoginwithAutoLocation.java:33)
at java.base/jdk.internal.reflect.NativeMethodAccessorImpl.invoke0(Native Method)
at java.base/jdk.internal.reflect.NativeMethodAccessorImpl.invoke(NativeMethodAccessorImpl.java:62)
at java.base/jdk.internal.reflect.DelegatingMethodAccessorImpl.invoke(DelegatingMethodAccessorImpl.java:43)
at java.base/java.lang.reflect.Method.invoke(Method.java:567)
at org.testng.internal.MethodInvocationHelper.invokeMethod(MethodInvocationHelper.java:135)
at org.testng.internal.TestInvoker.invokeMethod(TestInvoker.java:598)
at org.testng.internal.TestInvoker.invokeTestMethod(TestInvoker.java:174)
at org.testng.internal.MethodRunner.runInSequence(MethodRunner.java:46)
at org.testng.internal.TestInvoker$MethodInvocationAgent.invoke(TestInvoker.java:821)
at org.testng.internal.TestInvoker.invokeTestMethods(TestInvoker.java:147)
at org.testng.internal.TestMethodWorker.invokeTestMethods(TestMethodWorker.java:146)
at org.testng.internal.TestMethodWorker.run(TestMethodWorker.java:128)
at java.base/java.util.ArrayList.forEach(ArrayList.java:1507)
at org.testng.TestRunner.privateRun(TestRunner.java:767)
at org.testng.TestRunner.run(TestRunner.java:588)
at org.testng.SuiteRunner.runTest(SuiteRunner.java:384)
at org.testng.SuiteRunner.runSequentially(SuiteRunner.java:378)
at org.testng.SuiteRunner.privateRun(SuiteRunner.java:337)
at org.testng.SuiteRunner.run(SuiteRunner.java:286)
at org.testng.SuiteRunnerWorker.runSuite(SuiteRunnerWorker.java:53)
at org.testng.SuiteRunnerWorker.run(SuiteRunnerWorker.java:96)
at org.testng.TestNG.runSuitesSequentially(TestNG.java:1214)
at org.testng.TestNG.runSuitesLocally(TestNG.java:1136)
at org.testng.TestNG.runSuites(TestNG.java:1066)
at org.testng.TestNG.run(TestNG.java:1034)
at org.testng.remote.AbstractRemoteTestNG.run(AbstractRemoteTestNG.java:115)
at org.testng.remote.RemoteTestNG.initAndRun(RemoteTestNG.java:251)
at org.testng.remote.RemoteTestNG.main(RemoteTestNG.java:77)
]]>
            </full-stacktrace>
          </exception> <!-- java.lang.AssertionError -->
          <reporter-output>
          </reporter-output>
        </test-method> <!-- testcase1 -->
        <test-method is-config="true" signature="closeDriver()[pri:0, instance:TestCases.TestCase1_ValidLoginwithAutoLocation@24269709]" started-at="2020-05-29T23:10:57 IST" name="closeDriver" finished-at="2020-05-29T23:11:12 IST" duration-ms="15003" status="PASS">
          <reporter-output>
          </reporter-output>
        </test-method> <!-- closeDriver -->
        <test-method is-config="true" signature="flushReports()[pri:0, instance:TestCases.TestCase1_ValidLoginwithAutoLocation@24269709]" started-at="2020-05-29T23:11:12 IST" name="flushReports" finished-at="2020-05-29T23:11:14 IST" duration-ms="1959" status="PASS">
          <reporter-output>
          </reporter-output>
        </test-method> <!-- flushReports -->
      </class> <!-- TestCases.TestCase1_ValidLoginwithAutoLocation -->
    </test> <!-- Test -->
  </suite> <!-- Suite -->
</testng-results>
